Determining size of __uint128 failed with the following output:
Change Dir: /home/annika/COCO/build/CMakeFiles/CMakeTmp

Run Build Command:"/usr/bin/make" "cmTC_77367/fast"
/usr/bin/make -f CMakeFiles/cmTC_77367.dir/build.make CMakeFiles/cmTC_77367.dir/build
make[1]: Verzeichnis „/home/annika/COCO/build/CMakeFiles/CMakeTmp“ wird betreten
Building C object CMakeFiles/cmTC_77367.dir/int128_t_USE__uint128.c.o
/usr/bin/gcc     -o CMakeFiles/cmTC_77367.dir/int128_t_USE__uint128.c.o   -c /home/annika/COCO/build/CMakeFiles/CheckTypeSize/int128_t_USE__uint128.c
/home/annika/COCO/build/CMakeFiles/CheckTypeSize/int128_t_USE__uint128.c:17:22: error: ‘__uint128’ undeclared here (not in a function)
 #define SIZE (sizeof(__uint128))
                      ^
/home/annika/COCO/build/CMakeFiles/CheckTypeSize/int128_t_USE__uint128.c:19:12: note: in expansion of macro ‘SIZE’
   ('0' + ((SIZE / 10000)%10)),
            ^
CMakeFiles/cmTC_77367.dir/build.make:65: die Regel für Ziel „CMakeFiles/cmTC_77367.dir/int128_t_USE__uint128.c.o“ scheiterte
make[1]: *** [CMakeFiles/cmTC_77367.dir/int128_t_USE__uint128.c.o] Fehler 1
make[1]: Verzeichnis „/home/annika/COCO/build/CMakeFiles/CMakeTmp“ wird verlassen
Makefile:126: die Regel für Ziel „cmTC_77367/fast“ scheiterte
make: *** [cmTC_77367/fast] Fehler 2

/home/annika/COCO/build/CMakeFiles/CheckTypeSize/int128_t_USE__uint128.c:
#include <sys/types.h>
#include <stdint.h>
#include <stddef.h>


#undef KEY
#if defined(__i386)
# define KEY '_','_','i','3','8','6'
#elif defined(__x86_64)
# define KEY '_','_','x','8','6','_','6','4'
#elif defined(__ppc__)
# define KEY '_','_','p','p','c','_','_'
#elif defined(__ppc64__)
# define KEY '_','_','p','p','c','6','4','_','_'
#endif

#define SIZE (sizeof(__uint128))
char info_size[] =  {'I', 'N', 'F', 'O', ':', 's','i','z','e','[',
  ('0' + ((SIZE / 10000)%10)),
  ('0' + ((SIZE / 1000)%10)),
  ('0' + ((SIZE / 100)%10)),
  ('0' + ((SIZE / 10)%10)),
  ('0' +  (SIZE    % 10)),
  ']',
#ifdef KEY
  ' ','k','e','y','[', KEY, ']',
#endif
  '\0'};

#ifdef __CLASSIC_C__
int main(argc, argv) int argc; char *argv[];
#else
int main(int argc, char *argv[])
#endif
{
  int require = 0;
  require += info_size[argc];
  (void)argv;
  return require;
}


Determining if the function WSAStartup exists in the ws2_32;m;dl failed with the following output:
Change Dir: /home/annika/COCO/build/CMakeFiles/CMakeTmp

Run Build Command:"/usr/bin/make" "cmTC_fca33/fast"
/usr/bin/make -f CMakeFiles/cmTC_fca33.dir/build.make CMakeFiles/cmTC_fca33.dir/build
make[1]: Verzeichnis „/home/annika/COCO/build/CMakeFiles/CMakeTmp“ wird betreten
Building C object CMakeFiles/cmTC_fca33.dir/CheckFunctionExists.c.o
/usr/bin/gcc    -msse2 -msse4.2 -mpopcnt -DCHECK_FUNCTION_EXISTS=WSAStartup   -o CMakeFiles/cmTC_fca33.dir/CheckFunctionExists.c.o   -c /usr/share/cmake-3.5/Modules/CheckFunctionExists.c
Linking C executable cmTC_fca33
/usr/bin/cmake -E cmake_link_script CMakeFiles/cmTC_fca33.dir/link.txt --verbose=1
/usr/bin/gcc   -msse2 -msse4.2 -mpopcnt -DCHECK_FUNCTION_EXISTS=WSAStartup    CMakeFiles/cmTC_fca33.dir/CheckFunctionExists.c.o  -o cmTC_fca33 -rdynamic -lws2_32 -lm -ldl 
/usr/bin/ld: cannot find -lws2_32
collect2: error: ld returned 1 exit status
CMakeFiles/cmTC_fca33.dir/build.make:97: die Regel für Ziel „cmTC_fca33“ scheiterte
make[1]: *** [cmTC_fca33] Fehler 1
make[1]: Verzeichnis „/home/annika/COCO/build/CMakeFiles/CMakeTmp“ wird verlassen
Makefile:126: die Regel für Ziel „cmTC_fca33/fast“ scheiterte
make: *** [cmTC_fca33/fast] Fehler 2


Determining if the function gethostbyname exists in the wsock32;m;dl failed with the following output:
Change Dir: /home/annika/COCO/build/CMakeFiles/CMakeTmp

Run Build Command:"/usr/bin/make" "cmTC_51a22/fast"
/usr/bin/make -f CMakeFiles/cmTC_51a22.dir/build.make CMakeFiles/cmTC_51a22.dir/build
make[1]: Verzeichnis „/home/annika/COCO/build/CMakeFiles/CMakeTmp“ wird betreten
Building C object CMakeFiles/cmTC_51a22.dir/CheckFunctionExists.c.o
/usr/bin/gcc    -msse2 -msse4.2 -mpopcnt -DCHECK_FUNCTION_EXISTS=gethostbyname   -o CMakeFiles/cmTC_51a22.dir/CheckFunctionExists.c.o   -c /usr/share/cmake-3.5/Modules/CheckFunctionExists.c
Linking C executable cmTC_51a22
/usr/bin/cmake -E cmake_link_script CMakeFiles/cmTC_51a22.dir/link.txt --verbose=1
/usr/bin/gcc   -msse2 -msse4.2 -mpopcnt -DCHECK_FUNCTION_EXISTS=gethostbyname    CMakeFiles/cmTC_51a22.dir/CheckFunctionExists.c.o  -o cmTC_51a22 -rdynamic -lwsock32 -lm -ldl 
/usr/bin/ld: cannot find -lwsock32
collect2: error: ld returned 1 exit status
CMakeFiles/cmTC_51a22.dir/build.make:97: die Regel für Ziel „cmTC_51a22“ scheiterte
make[1]: *** [cmTC_51a22] Fehler 1
make[1]: Verzeichnis „/home/annika/COCO/build/CMakeFiles/CMakeTmp“ wird verlassen
Makefile:126: die Regel für Ziel „cmTC_51a22/fast“ scheiterte
make: *** [cmTC_51a22/fast] Fehler 2


Determining if the function gethostname exists in the ucb;m;dl failed with the following output:
Change Dir: /home/annika/COCO/build/CMakeFiles/CMakeTmp

Run Build Command:"/usr/bin/make" "cmTC_d211d/fast"
/usr/bin/make -f CMakeFiles/cmTC_d211d.dir/build.make CMakeFiles/cmTC_d211d.dir/build
make[1]: Verzeichnis „/home/annika/COCO/build/CMakeFiles/CMakeTmp“ wird betreten
Building C object CMakeFiles/cmTC_d211d.dir/CheckFunctionExists.c.o
/usr/bin/gcc    -msse2 -msse4.2 -mpopcnt -DCHECK_FUNCTION_EXISTS=gethostname   -o CMakeFiles/cmTC_d211d.dir/CheckFunctionExists.c.o   -c /usr/share/cmake-3.5/Modules/CheckFunctionExists.c
Linking C executable cmTC_d211d
/usr/bin/cmake -E cmake_link_script CMakeFiles/cmTC_d211d.dir/link.txt --verbose=1
/usr/bin/gcc   -msse2 -msse4.2 -mpopcnt -DCHECK_FUNCTION_EXISTS=gethostname    CMakeFiles/cmTC_d211d.dir/CheckFunctionExists.c.o  -o cmTC_d211d -rdynamic -lucb -lm -ldl 
/usr/bin/ld: cannot find -lucb
collect2: error: ld returned 1 exit status
CMakeFiles/cmTC_d211d.dir/build.make:97: die Regel für Ziel „cmTC_d211d“ scheiterte
make[1]: *** [cmTC_d211d] Fehler 1
make[1]: Verzeichnis „/home/annika/COCO/build/CMakeFiles/CMakeTmp“ wird verlassen
Makefile:126: die Regel für Ziel „cmTC_d211d/fast“ scheiterte
make: *** [cmTC_d211d/fast] Fehler 2


Determining if the system is big endian passed with the following output:
Change Dir: /home/annika/COCO/build/CMakeFiles/CMakeTmp

Run Build Command:"/usr/bin/make" "cmTC_97f5a/fast"
/usr/bin/make -f CMakeFiles/cmTC_97f5a.dir/build.make CMakeFiles/cmTC_97f5a.dir/build
make[1]: Verzeichnis „/home/annika/COCO/build/CMakeFiles/CMakeTmp“ wird betreten
Building C object CMakeFiles/cmTC_97f5a.dir/TestEndianess.c.o
/usr/bin/gcc    -msse2 -msse4.2 -mpopcnt    -o CMakeFiles/cmTC_97f5a.dir/TestEndianess.c.o   -c /home/annika/COCO/build/CMakeFiles/CMakeTmp/TestEndianess.c
Linking C executable cmTC_97f5a
/usr/bin/cmake -E cmake_link_script CMakeFiles/cmTC_97f5a.dir/link.txt --verbose=1
/usr/bin/gcc   -msse2 -msse4.2 -mpopcnt     CMakeFiles/cmTC_97f5a.dir/TestEndianess.c.o  -o cmTC_97f5a -rdynamic 
make[1]: Verzeichnis „/home/annika/COCO/build/CMakeFiles/CMakeTmp“ wird verlassen

TestEndianess.c:
/* A 16 bit integer is required. */
typedef unsigned short cmakeint16;

/* On a little endian machine, these 16bit ints will give "THIS IS LITTLE ENDIAN."
   On a big endian machine the characters will be exchanged pairwise. */
const cmakeint16 info_little[] =  {0x4854, 0x5349, 0x4920, 0x2053, 0x494c, 0x5454, 0x454c, 0x4520, 0x444e, 0x4149, 0x2e4e, 0x0000};

/* on a big endian machine, these 16bit ints will give "THIS IS BIG ENDIAN."
   On a little endian machine the characters will be exchanged pairwise. */
const cmakeint16 info_big[] =     {0x5448, 0x4953, 0x2049, 0x5320, 0x4249, 0x4720, 0x454e, 0x4449, 0x414e, 0x2e2e, 0x0000};

#ifdef __CLASSIC_C__
int main(argc, argv) int argc; char *argv[];
#else
int main(int argc, char *argv[])
#endif
{
  int require = 0;
  require += info_little[argc];
  require += info_big[argc];
  (void)argv;
  return require;
}


Determining if files sys/resource.h;sys/time.h;unistd.h;sys/ioctl.h;sys/stat.h;sys/socket.h;sys/types.h;stddef.h;setjmp.h;features.h;dirent.h;stdint.h;mach/mach_time.h exist failed with the following output:
Change Dir: /home/annika/COCO/build/CMakeFiles/CMakeTmp

Run Build Command:"/usr/bin/make" "cmTC_060c1/fast"
/usr/bin/make -f CMakeFiles/cmTC_060c1.dir/build.make CMakeFiles/cmTC_060c1.dir/build
make[1]: Verzeichnis „/home/annika/COCO/build/CMakeFiles/CMakeTmp“ wird betreten
Building C object CMakeFiles/cmTC_060c1.dir/CheckIncludeFiles.c.o
/usr/bin/gcc    -msse2 -msse4.2 -mpopcnt    -o CMakeFiles/cmTC_060c1.dir/CheckIncludeFiles.c.o   -c /home/annika/COCO/build/CMakeFiles/CMakeTmp/CheckIncludeFiles.c
/home/annika/COCO/build/CMakeFiles/CMakeTmp/CheckIncludeFiles.c:14:28: fatal error: mach/mach_time.h: Datei oder Verzeichnis nicht gefunden
compilation terminated.
CMakeFiles/cmTC_060c1.dir/build.make:65: die Regel für Ziel „CMakeFiles/cmTC_060c1.dir/CheckIncludeFiles.c.o“ scheiterte
make[1]: *** [CMakeFiles/cmTC_060c1.dir/CheckIncludeFiles.c.o] Fehler 1
make[1]: Verzeichnis „/home/annika/COCO/build/CMakeFiles/CMakeTmp“ wird verlassen
Makefile:126: die Regel für Ziel „cmTC_060c1/fast“ scheiterte
make: *** [cmTC_060c1/fast] Fehler 2

Source:
/* */
#include <sys/resource.h>
#include <sys/time.h>
#include <unistd.h>
#include <sys/ioctl.h>
#include <sys/stat.h>
#include <sys/socket.h>
#include <sys/types.h>
#include <stddef.h>
#include <setjmp.h>
#include <features.h>
#include <dirent.h>
#include <stdint.h>
#include <mach/mach_time.h>


int main(void){return 0;}

Determining if files sys/resource.h;sys/time.h;unistd.h;sys/ioctl.h;sys/stat.h;sys/socket.h;sys/types.h;stddef.h;setjmp.h;features.h;dirent.h;stdint.h;io.h exist failed with the following output:
Change Dir: /home/annika/COCO/build/CMakeFiles/CMakeTmp

Run Build Command:"/usr/bin/make" "cmTC_db7b3/fast"
/usr/bin/make -f CMakeFiles/cmTC_db7b3.dir/build.make CMakeFiles/cmTC_db7b3.dir/build
make[1]: Verzeichnis „/home/annika/COCO/build/CMakeFiles/CMakeTmp“ wird betreten
Building C object CMakeFiles/cmTC_db7b3.dir/CheckIncludeFiles.c.o
/usr/bin/gcc    -msse2 -msse4.2 -mpopcnt    -o CMakeFiles/cmTC_db7b3.dir/CheckIncludeFiles.c.o   -c /home/annika/COCO/build/CMakeFiles/CMakeTmp/CheckIncludeFiles.c
/home/annika/COCO/build/CMakeFiles/CMakeTmp/CheckIncludeFiles.c:14:16: fatal error: io.h: Datei oder Verzeichnis nicht gefunden
compilation terminated.
CMakeFiles/cmTC_db7b3.dir/build.make:65: die Regel für Ziel „CMakeFiles/cmTC_db7b3.dir/CheckIncludeFiles.c.o“ scheiterte
make[1]: *** [CMakeFiles/cmTC_db7b3.dir/CheckIncludeFiles.c.o] Fehler 1
make[1]: Verzeichnis „/home/annika/COCO/build/CMakeFiles/CMakeTmp“ wird verlassen
Makefile:126: die Regel für Ziel „cmTC_db7b3/fast“ scheiterte
make: *** [cmTC_db7b3/fast] Fehler 2

Source:
/* */
#include <sys/resource.h>
#include <sys/time.h>
#include <unistd.h>
#include <sys/ioctl.h>
#include <sys/stat.h>
#include <sys/socket.h>
#include <sys/types.h>
#include <stddef.h>
#include <setjmp.h>
#include <features.h>
#include <dirent.h>
#include <stdint.h>
#include <io.h>


int main(void){return 0;}

Determining if files sys/resource.h;sys/time.h;unistd.h;sys/ioctl.h;sys/stat.h;sys/socket.h;sys/types.h;stddef.h;setjmp.h;features.h;dirent.h;stdint.h;winsock2.h exist failed with the following output:
Change Dir: /home/annika/COCO/build/CMakeFiles/CMakeTmp

Run Build Command:"/usr/bin/make" "cmTC_3ba22/fast"
/usr/bin/make -f CMakeFiles/cmTC_3ba22.dir/build.make CMakeFiles/cmTC_3ba22.dir/build
make[1]: Verzeichnis „/home/annika/COCO/build/CMakeFiles/CMakeTmp“ wird betreten
Building C object CMakeFiles/cmTC_3ba22.dir/CheckIncludeFiles.c.o
/usr/bin/gcc    -msse2 -msse4.2 -mpopcnt    -o CMakeFiles/cmTC_3ba22.dir/CheckIncludeFiles.c.o   -c /home/annika/COCO/build/CMakeFiles/CMakeTmp/CheckIncludeFiles.c
/home/annika/COCO/build/CMakeFiles/CMakeTmp/CheckIncludeFiles.c:14:22: fatal error: winsock2.h: Datei oder Verzeichnis nicht gefunden
compilation terminated.
CMakeFiles/cmTC_3ba22.dir/build.make:65: die Regel für Ziel „CMakeFiles/cmTC_3ba22.dir/CheckIncludeFiles.c.o“ scheiterte
make[1]: *** [CMakeFiles/cmTC_3ba22.dir/CheckIncludeFiles.c.o] Fehler 1
make[1]: Verzeichnis „/home/annika/COCO/build/CMakeFiles/CMakeTmp“ wird verlassen
Makefile:126: die Regel für Ziel „cmTC_3ba22/fast“ scheiterte
make: *** [cmTC_3ba22/fast] Fehler 2

Source:
/* */
#include <sys/resource.h>
#include <sys/time.h>
#include <unistd.h>
#include <sys/ioctl.h>
#include <sys/stat.h>
#include <sys/socket.h>
#include <sys/types.h>
#include <stddef.h>
#include <setjmp.h>
#include <features.h>
#include <dirent.h>
#include <stdint.h>
#include <winsock2.h>


int main(void){return 0;}

Determining if files sys/resource.h;sys/time.h;unistd.h;sys/ioctl.h;sys/stat.h;sys/socket.h;sys/types.h;stddef.h;setjmp.h;features.h;dirent.h;stdint.h;sys/timeb.h;globus/common.h exist failed with the following output:
Change Dir: /home/annika/COCO/build/CMakeFiles/CMakeTmp

Run Build Command:"/usr/bin/make" "cmTC_03aff/fast"
/usr/bin/make -f CMakeFiles/cmTC_03aff.dir/build.make CMakeFiles/cmTC_03aff.dir/build
make[1]: Verzeichnis „/home/annika/COCO/build/CMakeFiles/CMakeTmp“ wird betreten
Building C object CMakeFiles/cmTC_03aff.dir/CheckIncludeFiles.c.o
/usr/bin/gcc    -msse2 -msse4.2 -mpopcnt    -o CMakeFiles/cmTC_03aff.dir/CheckIncludeFiles.c.o   -c /home/annika/COCO/build/CMakeFiles/CMakeTmp/CheckIncludeFiles.c
/home/annika/COCO/build/CMakeFiles/CMakeTmp/CheckIncludeFiles.c:15:27: fatal error: globus/common.h: Datei oder Verzeichnis nicht gefunden
compilation terminated.
CMakeFiles/cmTC_03aff.dir/build.make:65: die Regel für Ziel „CMakeFiles/cmTC_03aff.dir/CheckIncludeFiles.c.o“ scheiterte
make[1]: *** [CMakeFiles/cmTC_03aff.dir/CheckIncludeFiles.c.o] Fehler 1
make[1]: Verzeichnis „/home/annika/COCO/build/CMakeFiles/CMakeTmp“ wird verlassen
Makefile:126: die Regel für Ziel „cmTC_03aff/fast“ scheiterte
make: *** [cmTC_03aff/fast] Fehler 2

Source:
/* */
#include <sys/resource.h>
#include <sys/time.h>
#include <unistd.h>
#include <sys/ioctl.h>
#include <sys/stat.h>
#include <sys/socket.h>
#include <sys/types.h>
#include <stddef.h>
#include <setjmp.h>
#include <features.h>
#include <dirent.h>
#include <stdint.h>
#include <sys/timeb.h>
#include <globus/common.h>


int main(void){return 0;}

Determining if files sys/resource.h;sys/time.h;unistd.h;sys/ioctl.h;sys/stat.h;sys/socket.h;sys/types.h;stddef.h;setjmp.h;features.h;dirent.h;stdint.h;sys/timeb.h;pdb.h exist failed with the following output:
Change Dir: /home/annika/COCO/build/CMakeFiles/CMakeTmp

Run Build Command:"/usr/bin/make" "cmTC_02ce5/fast"
/usr/bin/make -f CMakeFiles/cmTC_02ce5.dir/build.make CMakeFiles/cmTC_02ce5.dir/build
make[1]: Verzeichnis „/home/annika/COCO/build/CMakeFiles/CMakeTmp“ wird betreten
Building C object CMakeFiles/cmTC_02ce5.dir/CheckIncludeFiles.c.o
/usr/bin/gcc    -msse2 -msse4.2 -mpopcnt    -o CMakeFiles/cmTC_02ce5.dir/CheckIncludeFiles.c.o   -c /home/annika/COCO/build/CMakeFiles/CMakeTmp/CheckIncludeFiles.c
/home/annika/COCO/build/CMakeFiles/CMakeTmp/CheckIncludeFiles.c:15:17: fatal error: pdb.h: Datei oder Verzeichnis nicht gefunden
compilation terminated.
CMakeFiles/cmTC_02ce5.dir/build.make:65: die Regel für Ziel „CMakeFiles/cmTC_02ce5.dir/CheckIncludeFiles.c.o“ scheiterte
make[1]: *** [CMakeFiles/cmTC_02ce5.dir/CheckIncludeFiles.c.o] Fehler 1
make[1]: Verzeichnis „/home/annika/COCO/build/CMakeFiles/CMakeTmp“ wird verlassen
Makefile:126: die Regel für Ziel „cmTC_02ce5/fast“ scheiterte
make: *** [cmTC_02ce5/fast] Fehler 2

Source:
/* */
#include <sys/resource.h>
#include <sys/time.h>
#include <unistd.h>
#include <sys/ioctl.h>
#include <sys/stat.h>
#include <sys/socket.h>
#include <sys/types.h>
#include <stddef.h>
#include <setjmp.h>
#include <features.h>
#include <dirent.h>
#include <stdint.h>
#include <sys/timeb.h>
#include <pdb.h>


int main(void){return 0;}

Determining if files sys/resource.h;sys/time.h;unistd.h;sys/ioctl.h;sys/stat.h;sys/socket.h;sys/types.h;stddef.h;setjmp.h;features.h;dirent.h;stdint.h;sys/timeb.h;pthread.h;srbclient.h exist failed with the following output:
Change Dir: /home/annika/COCO/build/CMakeFiles/CMakeTmp

Run Build Command:"/usr/bin/make" "cmTC_ffa0b/fast"
/usr/bin/make -f CMakeFiles/cmTC_ffa0b.dir/build.make CMakeFiles/cmTC_ffa0b.dir/build
make[1]: Verzeichnis „/home/annika/COCO/build/CMakeFiles/CMakeTmp“ wird betreten
Building C object CMakeFiles/cmTC_ffa0b.dir/CheckIncludeFiles.c.o
/usr/bin/gcc    -msse2 -msse4.2 -mpopcnt    -o CMakeFiles/cmTC_ffa0b.dir/CheckIncludeFiles.c.o   -c /home/annika/COCO/build/CMakeFiles/CMakeTmp/CheckIncludeFiles.c
/home/annika/COCO/build/CMakeFiles/CMakeTmp/CheckIncludeFiles.c:16:23: fatal error: srbclient.h: Datei oder Verzeichnis nicht gefunden
compilation terminated.
CMakeFiles/cmTC_ffa0b.dir/build.make:65: die Regel für Ziel „CMakeFiles/cmTC_ffa0b.dir/CheckIncludeFiles.c.o“ scheiterte
make[1]: *** [CMakeFiles/cmTC_ffa0b.dir/CheckIncludeFiles.c.o] Fehler 1
make[1]: Verzeichnis „/home/annika/COCO/build/CMakeFiles/CMakeTmp“ wird verlassen
Makefile:126: die Regel für Ziel „cmTC_ffa0b/fast“ scheiterte
make: *** [cmTC_ffa0b/fast] Fehler 2

Source:
/* */
#include <sys/resource.h>
#include <sys/time.h>
#include <unistd.h>
#include <sys/ioctl.h>
#include <sys/stat.h>
#include <sys/socket.h>
#include <sys/types.h>
#include <stddef.h>
#include <setjmp.h>
#include <features.h>
#include <dirent.h>
#include <stdint.h>
#include <sys/timeb.h>
#include <pthread.h>
#include <srbclient.h>


int main(void){return 0;}

Determining size of __int64 failed with the following output:
Change Dir: /home/annika/COCO/build/CMakeFiles/CMakeTmp

Run Build Command:"/usr/bin/make" "cmTC_56482/fast"
/usr/bin/make -f CMakeFiles/cmTC_56482.dir/build.make CMakeFiles/cmTC_56482.dir/build
make[1]: Verzeichnis „/home/annika/COCO/build/CMakeFiles/CMakeTmp“ wird betreten
Building C object CMakeFiles/cmTC_56482.dir/H5_SIZEOF___INT64.c.o
/usr/bin/gcc  -D_FILE_OFFSET_BITS=64 -D_LARGEFILE64_SOURCE -D_LARGEFILE_SOURCE  -msse2 -msse4.2 -mpopcnt    -o CMakeFiles/cmTC_56482.dir/H5_SIZEOF___INT64.c.o   -c /home/annika/COCO/build/CMakeFiles/CheckTypeSize/H5_SIZEOF___INT64.c
/home/annika/COCO/build/CMakeFiles/CheckTypeSize/H5_SIZEOF___INT64.c:17:22: error: ‘__int64’ undeclared here (not in a function)
 #define SIZE (sizeof(__int64))
                      ^
/home/annika/COCO/build/CMakeFiles/CheckTypeSize/H5_SIZEOF___INT64.c:19:12: note: in expansion of macro ‘SIZE’
   ('0' + ((SIZE / 10000)%10)),
            ^
CMakeFiles/cmTC_56482.dir/build.make:65: die Regel für Ziel „CMakeFiles/cmTC_56482.dir/H5_SIZEOF___INT64.c.o“ scheiterte
make[1]: *** [CMakeFiles/cmTC_56482.dir/H5_SIZEOF___INT64.c.o] Fehler 1
make[1]: Verzeichnis „/home/annika/COCO/build/CMakeFiles/CMakeTmp“ wird verlassen
Makefile:126: die Regel für Ziel „cmTC_56482/fast“ scheiterte
make: *** [cmTC_56482/fast] Fehler 2

/home/annika/COCO/build/CMakeFiles/CheckTypeSize/H5_SIZEOF___INT64.c:
#include <sys/types.h>
#include <stdint.h>
#include <stddef.h>


#undef KEY
#if defined(__i386)
# define KEY '_','_','i','3','8','6'
#elif defined(__x86_64)
# define KEY '_','_','x','8','6','_','6','4'
#elif defined(__ppc__)
# define KEY '_','_','p','p','c','_','_'
#elif defined(__ppc64__)
# define KEY '_','_','p','p','c','6','4','_','_'
#endif

#define SIZE (sizeof(__int64))
char info_size[] =  {'I', 'N', 'F', 'O', ':', 's','i','z','e','[',
  ('0' + ((SIZE / 10000)%10)),
  ('0' + ((SIZE / 1000)%10)),
  ('0' + ((SIZE / 100)%10)),
  ('0' + ((SIZE / 10)%10)),
  ('0' +  (SIZE    % 10)),
  ']',
#ifdef KEY
  ' ','k','e','y','[', KEY, ']',
#endif
  '\0'};

#ifdef __CLASSIC_C__
int main(argc, argv) int argc; char *argv[];
#else
int main(int argc, char *argv[])
#endif
{
  int require = 0;
  require += info_size[argc];
  (void)argv;
  return require;
}


Determining if the variable CLOCK_MONOTONIC exists failed with the following output:
Change Dir: /home/annika/COCO/build/CMakeFiles/CMakeTmp

Run Build Command:"/usr/bin/make" "cmTC_30a19/fast"
/usr/bin/make -f CMakeFiles/cmTC_30a19.dir/build.make CMakeFiles/cmTC_30a19.dir/build
make[1]: Verzeichnis „/home/annika/COCO/build/CMakeFiles/CMakeTmp“ wird betreten
Building C object CMakeFiles/cmTC_30a19.dir/CheckVariableExists.c.o
/usr/bin/gcc  -D_FILE_OFFSET_BITS=64 -D_LARGEFILE64_SOURCE -D_LARGEFILE_SOURCE  -msse2 -msse4.2 -mpopcnt -DCHECK_VARIABLE_EXISTS=CLOCK_MONOTONIC   -o CMakeFiles/cmTC_30a19.dir/CheckVariableExists.c.o   -c /usr/share/cmake-3.5/Modules/CheckVariableExists.c
Linking C executable cmTC_30a19
/usr/bin/cmake -E cmake_link_script CMakeFiles/cmTC_30a19.dir/link.txt --verbose=1
/usr/bin/gcc   -msse2 -msse4.2 -mpopcnt -DCHECK_VARIABLE_EXISTS=CLOCK_MONOTONIC    CMakeFiles/cmTC_30a19.dir/CheckVariableExists.c.o  -o cmTC_30a19 -rdynamic -lm -ldl 
CMakeFiles/cmTC_30a19.dir/CheckVariableExists.c.o: In Funktion `main':
CheckVariableExists.c:(.text+0x25): Nicht definierter Verweis auf `CLOCK_MONOTONIC'
collect2: error: ld returned 1 exit status
CMakeFiles/cmTC_30a19.dir/build.make:97: die Regel für Ziel „cmTC_30a19“ scheiterte
make[1]: *** [cmTC_30a19] Fehler 1
make[1]: Verzeichnis „/home/annika/COCO/build/CMakeFiles/CMakeTmp“ wird verlassen
Makefile:126: die Regel für Ziel „cmTC_30a19/fast“ scheiterte
make: *** [cmTC_30a19/fast] Fehler 2


Performing Other Test HAVE___TM_GMTOFF failed with the following output:
Change Dir: /home/annika/COCO/build/CMakeFiles/CMakeTmp

Run Build Command:"/usr/bin/make" "cmTC_f6d1c/fast"
/usr/bin/make -f CMakeFiles/cmTC_f6d1c.dir/build.make CMakeFiles/cmTC_f6d1c.dir/build
make[1]: Verzeichnis „/home/annika/COCO/build/CMakeFiles/CMakeTmp“ wird betreten
Building C object CMakeFiles/cmTC_f6d1c.dir/HDFTests.c.o
/usr/bin/gcc    -msse2 -msse4.2 -mpopcnt -DHAVE___TM_GMTOFF  -DHAVE_SYS_TIME_H -DHAVE_UNISTD_H -DHAVE_SYS_TYPES_H -DHAVE_SYS_SOCKET_H -D_FILE_OFFSET_BITS=64 -D_LARGEFILE64_SOURCE -D_LARGEFILE_SOURCE   -o CMakeFiles/cmTC_f6d1c.dir/HDFTests.c.o   -c /home/annika/COCO/lib/gatb-core/gatb-core/thirdparty/hdf5/config/cmake_ext_mod/HDFTests.c
/home/annika/COCO/lib/gatb-core/gatb-core/thirdparty/hdf5/config/cmake_ext_mod/HDFTests.c: In function ‘main’:
/home/annika/COCO/lib/gatb-core/gatb-core/thirdparty/hdf5/config/cmake_ext_mod/HDFTests.c:170:29: error: ‘struct tm’ has no member named ‘__tm_gmtoff’
 SIMPLE_TEST(struct tm tm; tm.__tm_gmtoff=0);
                             ^
/home/annika/COCO/lib/gatb-core/gatb-core/thirdparty/hdf5/config/cmake_ext_mod/HDFTests.c:1:36: note: in definition of macro ‘SIMPLE_TEST’
 #define SIMPLE_TEST(x) int main(){ x; return 0; }
                                    ^
CMakeFiles/cmTC_f6d1c.dir/build.make:65: die Regel für Ziel „CMakeFiles/cmTC_f6d1c.dir/HDFTests.c.o“ scheiterte
make[1]: *** [CMakeFiles/cmTC_f6d1c.dir/HDFTests.c.o] Fehler 1
make[1]: Verzeichnis „/home/annika/COCO/build/CMakeFiles/CMakeTmp“ wird verlassen
Makefile:126: die Regel für Ziel „cmTC_f6d1c/fast“ scheiterte
make: *** [cmTC_f6d1c/fast] Fehler 2

Performing Other Test HAVE_TM_ZONE failed with the following output:
Change Dir: /home/annika/COCO/build/CMakeFiles/CMakeTmp

Run Build Command:"/usr/bin/make" "cmTC_eeb7e/fast"
/usr/bin/make -f CMakeFiles/cmTC_eeb7e.dir/build.make CMakeFiles/cmTC_eeb7e.dir/build
make[1]: Verzeichnis „/home/annika/COCO/build/CMakeFiles/CMakeTmp“ wird betreten
Building C object CMakeFiles/cmTC_eeb7e.dir/HDFTests.c.o
/usr/bin/gcc    -msse2 -msse4.2 -mpopcnt -DHAVE_TM_ZONE  -DHAVE_SYS_TIME_H -DHAVE_UNISTD_H -DHAVE_SYS_TYPES_H -DHAVE_SYS_SOCKET_H -D_FILE_OFFSET_BITS=64 -D_LARGEFILE64_SOURCE -D_LARGEFILE_SOURCE   -o CMakeFiles/cmTC_eeb7e.dir/HDFTests.c.o   -c /home/annika/COCO/lib/gatb-core/gatb-core/thirdparty/hdf5/config/cmake_ext_mod/HDFTests.c
Linking C executable cmTC_eeb7e
/usr/bin/cmake -E cmake_link_script CMakeFiles/cmTC_eeb7e.dir/link.txt --verbose=1
/usr/bin/gcc   -msse2 -msse4.2 -mpopcnt -DHAVE_TM_ZONE  -DHAVE_SYS_TIME_H -DHAVE_UNISTD_H -DHAVE_SYS_TYPES_H -DHAVE_SYS_SOCKET_H -D_FILE_OFFSET_BITS=64 -D_LARGEFILE64_SOURCE -D_LARGEFILE_SOURCE    CMakeFiles/cmTC_eeb7e.dir/HDFTests.c.o  -o cmTC_eeb7e -rdynamic -lm -ldl 
/usr/lib/gcc/x86_64-linux-gnu/5/../../../x86_64-linux-gnu/crt1.o: In Funktion `_start':
(.text+0x20): Nicht definierter Verweis auf `main'
collect2: error: ld returned 1 exit status
CMakeFiles/cmTC_eeb7e.dir/build.make:97: die Regel für Ziel „cmTC_eeb7e“ scheiterte
make[1]: *** [cmTC_eeb7e] Fehler 1
make[1]: Verzeichnis „/home/annika/COCO/build/CMakeFiles/CMakeTmp“ wird verlassen
Makefile:126: die Regel für Ziel „cmTC_eeb7e/fast“ scheiterte
make: *** [cmTC_eeb7e/fast] Fehler 2

Performing Other Test HAVE_STRUCT_TM_TM_ZONE failed with the following output:
Change Dir: /home/annika/COCO/build/CMakeFiles/CMakeTmp

Run Build Command:"/usr/bin/make" "cmTC_c18a6/fast"
/usr/bin/make -f CMakeFiles/cmTC_c18a6.dir/build.make CMakeFiles/cmTC_c18a6.dir/build
make[1]: Verzeichnis „/home/annika/COCO/build/CMakeFiles/CMakeTmp“ wird betreten
Building C object CMakeFiles/cmTC_c18a6.dir/HDFTests.c.o
/usr/bin/gcc    -msse2 -msse4.2 -mpopcnt -DHAVE_STRUCT_TM_TM_ZONE  -DHAVE_SYS_TIME_H -DHAVE_UNISTD_H -DHAVE_SYS_TYPES_H -DHAVE_SYS_SOCKET_H -D_FILE_OFFSET_BITS=64 -D_LARGEFILE64_SOURCE -D_LARGEFILE_SOURCE   -o CMakeFiles/cmTC_c18a6.dir/HDFTests.c.o   -c /home/annika/COCO/lib/gatb-core/gatb-core/thirdparty/hdf5/config/cmake_ext_mod/HDFTests.c
Linking C executable cmTC_c18a6
/usr/bin/cmake -E cmake_link_script CMakeFiles/cmTC_c18a6.dir/link.txt --verbose=1
/usr/bin/gcc   -msse2 -msse4.2 -mpopcnt -DHAVE_STRUCT_TM_TM_ZONE  -DHAVE_SYS_TIME_H -DHAVE_UNISTD_H -DHAVE_SYS_TYPES_H -DHAVE_SYS_SOCKET_H -D_FILE_OFFSET_BITS=64 -D_LARGEFILE64_SOURCE -D_LARGEFILE_SOURCE    CMakeFiles/cmTC_c18a6.dir/HDFTests.c.o  -o cmTC_c18a6 -rdynamic -lm -ldl 
/usr/lib/gcc/x86_64-linux-gnu/5/../../../x86_64-linux-gnu/crt1.o: In Funktion `_start':
(.text+0x20): Nicht definierter Verweis auf `main'
collect2: error: ld returned 1 exit status
CMakeFiles/cmTC_c18a6.dir/build.make:97: die Regel für Ziel „cmTC_c18a6“ scheiterte
make[1]: *** [cmTC_c18a6] Fehler 1
make[1]: Verzeichnis „/home/annika/COCO/build/CMakeFiles/CMakeTmp“ wird verlassen
Makefile:126: die Regel für Ziel „cmTC_c18a6/fast“ scheiterte
make: *** [cmTC_c18a6/fast] Fehler 2

Performing Other Test HAVE_STRUCT_VIDEOCONFIG failed with the following output:
Change Dir: /home/annika/COCO/build/CMakeFiles/CMakeTmp

Run Build Command:"/usr/bin/make" "cmTC_62fd4/fast"
/usr/bin/make -f CMakeFiles/cmTC_62fd4.dir/build.make CMakeFiles/cmTC_62fd4.dir/build
make[1]: Verzeichnis „/home/annika/COCO/build/CMakeFiles/CMakeTmp“ wird betreten
Building C object CMakeFiles/cmTC_62fd4.dir/HDFTests.c.o
/usr/bin/gcc    -msse2 -msse4.2 -mpopcnt -DHAVE_STRUCT_VIDEOCONFIG  -DHAVE_SYS_TIME_H -DHAVE_UNISTD_H -DHAVE_SYS_TYPES_H -DHAVE_SYS_SOCKET_H -D_FILE_OFFSET_BITS=64 -D_LARGEFILE64_SOURCE -D_LARGEFILE_SOURCE   -o CMakeFiles/cmTC_62fd4.dir/HDFTests.c.o   -c /home/annika/COCO/lib/gatb-core/gatb-core/thirdparty/hdf5/config/cmake_ext_mod/HDFTests.c
/home/annika/COCO/lib/gatb-core/gatb-core/thirdparty/hdf5/config/cmake_ext_mod/HDFTests.c: In function ‘main’:
/home/annika/COCO/lib/gatb-core/gatb-core/thirdparty/hdf5/config/cmake_ext_mod/HDFTests.c:447:32: error: storage size of ‘w’ isn’t known
 SIMPLE_TEST(struct videoconfig w; w.numtextcols=0);
                                ^
/home/annika/COCO/lib/gatb-core/gatb-core/thirdparty/hdf5/config/cmake_ext_mod/HDFTests.c:1:36: note: in definition of macro ‘SIMPLE_TEST’
 #define SIMPLE_TEST(x) int main(){ x; return 0; }
                                    ^
CMakeFiles/cmTC_62fd4.dir/build.make:65: die Regel für Ziel „CMakeFiles/cmTC_62fd4.dir/HDFTests.c.o“ scheiterte
make[1]: *** [CMakeFiles/cmTC_62fd4.dir/HDFTests.c.o] Fehler 1
make[1]: Verzeichnis „/home/annika/COCO/build/CMakeFiles/CMakeTmp“ wird verlassen
Makefile:126: die Regel für Ziel „cmTC_62fd4/fast“ scheiterte
make: *** [cmTC_62fd4/fast] Fehler 2

Performing Other Test HAVE_STRUCT_TEXT_INFO failed with the following output:
Change Dir: /home/annika/COCO/build/CMakeFiles/CMakeTmp

Run Build Command:"/usr/bin/make" "cmTC_354f9/fast"
/usr/bin/make -f CMakeFiles/cmTC_354f9.dir/build.make CMakeFiles/cmTC_354f9.dir/build
make[1]: Verzeichnis „/home/annika/COCO/build/CMakeFiles/CMakeTmp“ wird betreten
Building C object CMakeFiles/cmTC_354f9.dir/HDFTests.c.o
/usr/bin/gcc    -msse2 -msse4.2 -mpopcnt -DHAVE_STRUCT_TEXT_INFO  -DHAVE_SYS_TIME_H -DHAVE_UNISTD_H -DHAVE_SYS_TYPES_H -DHAVE_SYS_SOCKET_H -D_FILE_OFFSET_BITS=64 -D_LARGEFILE64_SOURCE -D_LARGEFILE_SOURCE   -o CMakeFiles/cmTC_354f9.dir/HDFTests.c.o   -c /home/annika/COCO/lib/gatb-core/gatb-core/thirdparty/hdf5/config/cmake_ext_mod/HDFTests.c
/home/annika/COCO/lib/gatb-core/gatb-core/thirdparty/hdf5/config/cmake_ext_mod/HDFTests.c: In function ‘main’:
/home/annika/COCO/lib/gatb-core/gatb-core/thirdparty/hdf5/config/cmake_ext_mod/HDFTests.c:453:30: error: storage size of ‘w’ isn’t known
 SIMPLE_TEST(struct text_info w; w.screenwidth=0);
                              ^
/home/annika/COCO/lib/gatb-core/gatb-core/thirdparty/hdf5/config/cmake_ext_mod/HDFTests.c:1:36: note: in definition of macro ‘SIMPLE_TEST’
 #define SIMPLE_TEST(x) int main(){ x; return 0; }
                                    ^
CMakeFiles/cmTC_354f9.dir/build.make:65: die Regel für Ziel „CMakeFiles/cmTC_354f9.dir/HDFTests.c.o“ scheiterte
make[1]: *** [CMakeFiles/cmTC_354f9.dir/HDFTests.c.o] Fehler 1
make[1]: Verzeichnis „/home/annika/COCO/build/CMakeFiles/CMakeTmp“ wird verlassen
Makefile:126: die Regel für Ziel „cmTC_354f9/fast“ scheiterte
make: *** [cmTC_354f9/fast] Fehler 2

Determining if the function _getvideoconfig exists failed with the following output:
Change Dir: /home/annika/COCO/build/CMakeFiles/CMakeTmp

Run Build Command:"/usr/bin/make" "cmTC_56dee/fast"
/usr/bin/make -f CMakeFiles/cmTC_56dee.dir/build.make CMakeFiles/cmTC_56dee.dir/build
make[1]: Verzeichnis „/home/annika/COCO/build/CMakeFiles/CMakeTmp“ wird betreten
Building C object CMakeFiles/cmTC_56dee.dir/CheckFunctionExists.c.o
/usr/bin/gcc  -D_FILE_OFFSET_BITS=64 -D_LARGEFILE64_SOURCE -D_LARGEFILE_SOURCE  -msse2 -msse4.2 -mpopcnt -DCHECK_FUNCTION_EXISTS=_getvideoconfig   -o CMakeFiles/cmTC_56dee.dir/CheckFunctionExists.c.o   -c /usr/share/cmake-3.5/Modules/CheckFunctionExists.c
Linking C executable cmTC_56dee
/usr/bin/cmake -E cmake_link_script CMakeFiles/cmTC_56dee.dir/link.txt --verbose=1
/usr/bin/gcc   -msse2 -msse4.2 -mpopcnt -DCHECK_FUNCTION_EXISTS=_getvideoconfig    CMakeFiles/cmTC_56dee.dir/CheckFunctionExists.c.o  -o cmTC_56dee -rdynamic -lm -ldl 
CMakeFiles/cmTC_56dee.dir/CheckFunctionExists.c.o: In Funktion `main':
CheckFunctionExists.c:(.text+0x15): Nicht definierter Verweis auf `_getvideoconfig'
collect2: error: ld returned 1 exit status
CMakeFiles/cmTC_56dee.dir/build.make:97: die Regel für Ziel „cmTC_56dee“ scheiterte
make[1]: *** [cmTC_56dee] Fehler 1
make[1]: Verzeichnis „/home/annika/COCO/build/CMakeFiles/CMakeTmp“ wird verlassen
Makefile:126: die Regel für Ziel „cmTC_56dee/fast“ scheiterte
make: *** [cmTC_56dee/fast] Fehler 2


Determining if the function gettextinfo exists failed with the following output:
Change Dir: /home/annika/COCO/build/CMakeFiles/CMakeTmp

Run Build Command:"/usr/bin/make" "cmTC_2d68a/fast"
/usr/bin/make -f CMakeFiles/cmTC_2d68a.dir/build.make CMakeFiles/cmTC_2d68a.dir/build
make[1]: Verzeichnis „/home/annika/COCO/build/CMakeFiles/CMakeTmp“ wird betreten
Building C object CMakeFiles/cmTC_2d68a.dir/CheckFunctionExists.c.o
/usr/bin/gcc  -D_FILE_OFFSET_BITS=64 -D_LARGEFILE64_SOURCE -D_LARGEFILE_SOURCE  -msse2 -msse4.2 -mpopcnt -DCHECK_FUNCTION_EXISTS=gettextinfo   -o CMakeFiles/cmTC_2d68a.dir/CheckFunctionExists.c.o   -c /usr/share/cmake-3.5/Modules/CheckFunctionExists.c
Linking C executable cmTC_2d68a
/usr/bin/cmake -E cmake_link_script CMakeFiles/cmTC_2d68a.dir/link.txt --verbose=1
/usr/bin/gcc   -msse2 -msse4.2 -mpopcnt -DCHECK_FUNCTION_EXISTS=gettextinfo    CMakeFiles/cmTC_2d68a.dir/CheckFunctionExists.c.o  -o cmTC_2d68a -rdynamic -lm -ldl 
CMakeFiles/cmTC_2d68a.dir/CheckFunctionExists.c.o: In Funktion `main':
CheckFunctionExists.c:(.text+0x15): Nicht definierter Verweis auf `gettextinfo'
collect2: error: ld returned 1 exit status
CMakeFiles/cmTC_2d68a.dir/build.make:97: die Regel für Ziel „cmTC_2d68a“ scheiterte
make[1]: *** [cmTC_2d68a] Fehler 1
make[1]: Verzeichnis „/home/annika/COCO/build/CMakeFiles/CMakeTmp“ wird verlassen
Makefile:126: die Regel für Ziel „cmTC_2d68a/fast“ scheiterte
make: *** [cmTC_2d68a/fast] Fehler 2


Determining if the function _scrsize exists failed with the following output:
Change Dir: /home/annika/COCO/build/CMakeFiles/CMakeTmp

Run Build Command:"/usr/bin/make" "cmTC_f5912/fast"
/usr/bin/make -f CMakeFiles/cmTC_f5912.dir/build.make CMakeFiles/cmTC_f5912.dir/build
make[1]: Verzeichnis „/home/annika/COCO/build/CMakeFiles/CMakeTmp“ wird betreten
Building C object CMakeFiles/cmTC_f5912.dir/CheckFunctionExists.c.o
/usr/bin/gcc  -D_FILE_OFFSET_BITS=64 -D_LARGEFILE64_SOURCE -D_LARGEFILE_SOURCE  -msse2 -msse4.2 -mpopcnt -DCHECK_FUNCTION_EXISTS=_scrsize   -o CMakeFiles/cmTC_f5912.dir/CheckFunctionExists.c.o   -c /usr/share/cmake-3.5/Modules/CheckFunctionExists.c
Linking C executable cmTC_f5912
/usr/bin/cmake -E cmake_link_script CMakeFiles/cmTC_f5912.dir/link.txt --verbose=1
/usr/bin/gcc   -msse2 -msse4.2 -mpopcnt -DCHECK_FUNCTION_EXISTS=_scrsize    CMakeFiles/cmTC_f5912.dir/CheckFunctionExists.c.o  -o cmTC_f5912 -rdynamic -lm -ldl 
CMakeFiles/cmTC_f5912.dir/CheckFunctionExists.c.o: In Funktion `main':
CheckFunctionExists.c:(.text+0x15): Nicht definierter Verweis auf `_scrsize'
collect2: error: ld returned 1 exit status
CMakeFiles/cmTC_f5912.dir/build.make:97: die Regel für Ziel „cmTC_f5912“ scheiterte
make[1]: *** [cmTC_f5912] Fehler 1
make[1]: Verzeichnis „/home/annika/COCO/build/CMakeFiles/CMakeTmp“ wird verlassen
Makefile:126: die Regel für Ziel „cmTC_f5912/fast“ scheiterte
make: *** [cmTC_f5912/fast] Fehler 2


Determining if the function GetConsoleScreenBufferInfo exists failed with the following output:
Change Dir: /home/annika/COCO/build/CMakeFiles/CMakeTmp

Run Build Command:"/usr/bin/make" "cmTC_f1ded/fast"
/usr/bin/make -f CMakeFiles/cmTC_f1ded.dir/build.make CMakeFiles/cmTC_f1ded.dir/build
make[1]: Verzeichnis „/home/annika/COCO/build/CMakeFiles/CMakeTmp“ wird betreten
Building C object CMakeFiles/cmTC_f1ded.dir/CheckFunctionExists.c.o
/usr/bin/gcc  -D_FILE_OFFSET_BITS=64 -D_LARGEFILE64_SOURCE -D_LARGEFILE_SOURCE  -msse2 -msse4.2 -mpopcnt -DCHECK_FUNCTION_EXISTS=GetConsoleScreenBufferInfo   -o CMakeFiles/cmTC_f1ded.dir/CheckFunctionExists.c.o   -c /usr/share/cmake-3.5/Modules/CheckFunctionExists.c
Linking C executable cmTC_f1ded
/usr/bin/cmake -E cmake_link_script CMakeFiles/cmTC_f1ded.dir/link.txt --verbose=1
/usr/bin/gcc   -msse2 -msse4.2 -mpopcnt -DCHECK_FUNCTION_EXISTS=GetConsoleScreenBufferInfo    CMakeFiles/cmTC_f1ded.dir/CheckFunctionExists.c.o  -o cmTC_f1ded -rdynamic -lm -ldl 
CMakeFiles/cmTC_f1ded.dir/CheckFunctionExists.c.o: In Funktion `main':
CheckFunctionExists.c:(.text+0x15): Nicht definierter Verweis auf `GetConsoleScreenBufferInfo'
collect2: error: ld returned 1 exit status
CMakeFiles/cmTC_f1ded.dir/build.make:97: die Regel für Ziel „cmTC_f1ded“ scheiterte
make[1]: *** [cmTC_f1ded] Fehler 1
make[1]: Verzeichnis „/home/annika/COCO/build/CMakeFiles/CMakeTmp“ wird verlassen
Makefile:126: die Regel für Ziel „cmTC_f1ded/fast“ scheiterte
make: *** [cmTC_f1ded/fast] Fehler 2


Determining if the function setsysinfo exists failed with the following output:
Change Dir: /home/annika/COCO/build/CMakeFiles/CMakeTmp

Run Build Command:"/usr/bin/make" "cmTC_197c2/fast"
/usr/bin/make -f CMakeFiles/cmTC_197c2.dir/build.make CMakeFiles/cmTC_197c2.dir/build
make[1]: Verzeichnis „/home/annika/COCO/build/CMakeFiles/CMakeTmp“ wird betreten
Building C object CMakeFiles/cmTC_197c2.dir/CheckFunctionExists.c.o
/usr/bin/gcc  -D_FILE_OFFSET_BITS=64 -D_LARGEFILE64_SOURCE -D_LARGEFILE_SOURCE  -msse2 -msse4.2 -mpopcnt -DCHECK_FUNCTION_EXISTS=setsysinfo   -o CMakeFiles/cmTC_197c2.dir/CheckFunctionExists.c.o   -c /usr/share/cmake-3.5/Modules/CheckFunctionExists.c
Linking C executable cmTC_197c2
/usr/bin/cmake -E cmake_link_script CMakeFiles/cmTC_197c2.dir/link.txt --verbose=1
/usr/bin/gcc   -msse2 -msse4.2 -mpopcnt -DCHECK_FUNCTION_EXISTS=setsysinfo    CMakeFiles/cmTC_197c2.dir/CheckFunctionExists.c.o  -o cmTC_197c2 -rdynamic -lm -ldl 
CMakeFiles/cmTC_197c2.dir/CheckFunctionExists.c.o: In Funktion `main':
CheckFunctionExists.c:(.text+0x15): Nicht definierter Verweis auf `setsysinfo'
collect2: error: ld returned 1 exit status
CMakeFiles/cmTC_197c2.dir/build.make:97: die Regel für Ziel „cmTC_197c2“ scheiterte
make[1]: *** [cmTC_197c2] Fehler 1
make[1]: Verzeichnis „/home/annika/COCO/build/CMakeFiles/CMakeTmp“ wird verlassen
Makefile:126: die Regel für Ziel „cmTC_197c2/fast“ scheiterte
make: *** [cmTC_197c2/fast] Fehler 2


Determining if the function sigsetjmp exists failed with the following output:
Change Dir: /home/annika/COCO/build/CMakeFiles/CMakeTmp

Run Build Command:"/usr/bin/make" "cmTC_67b92/fast"
/usr/bin/make -f CMakeFiles/cmTC_67b92.dir/build.make CMakeFiles/cmTC_67b92.dir/build
make[1]: Verzeichnis „/home/annika/COCO/build/CMakeFiles/CMakeTmp“ wird betreten
Building C object CMakeFiles/cmTC_67b92.dir/CheckFunctionExists.c.o
/usr/bin/gcc  -D_FILE_OFFSET_BITS=64 -D_LARGEFILE64_SOURCE -D_LARGEFILE_SOURCE  -msse2 -msse4.2 -mpopcnt -DCHECK_FUNCTION_EXISTS=sigsetjmp   -o CMakeFiles/cmTC_67b92.dir/CheckFunctionExists.c.o   -c /usr/share/cmake-3.5/Modules/CheckFunctionExists.c
Linking C executable cmTC_67b92
/usr/bin/cmake -E cmake_link_script CMakeFiles/cmTC_67b92.dir/link.txt --verbose=1
/usr/bin/gcc   -msse2 -msse4.2 -mpopcnt -DCHECK_FUNCTION_EXISTS=sigsetjmp    CMakeFiles/cmTC_67b92.dir/CheckFunctionExists.c.o  -o cmTC_67b92 -rdynamic -lm -ldl 
CMakeFiles/cmTC_67b92.dir/CheckFunctionExists.c.o: In Funktion `main':
CheckFunctionExists.c:(.text+0x15): Nicht definierter Verweis auf `sigsetjmp'
collect2: error: ld returned 1 exit status
CMakeFiles/cmTC_67b92.dir/build.make:97: die Regel für Ziel „cmTC_67b92“ scheiterte
make[1]: *** [cmTC_67b92] Fehler 1
make[1]: Verzeichnis „/home/annika/COCO/build/CMakeFiles/CMakeTmp“ wird verlassen
Makefile:126: die Regel für Ziel „cmTC_67b92/fast“ scheiterte
make: *** [cmTC_67b92/fast] Fehler 2


Performing CXX Test OLD_HEADER_FILENAME failed with the following output:
Change Dir: /home/annika/COCO/build/CMakeFiles/CMakeTmp

Run Build Command:"/usr/bin/make" "cmTC_5eca3/fast"
/usr/bin/make -f CMakeFiles/cmTC_5eca3.dir/build.make CMakeFiles/cmTC_5eca3.dir/build
make[1]: Verzeichnis „/home/annika/COCO/build/CMakeFiles/CMakeTmp“ wird betreten
Building CXX object CMakeFiles/cmTC_5eca3.dir/HDFCXXTests.cpp.o
/usr/bin/c++     -msse4.1 -msse2 -msse4.2 -mpopcnt -DOLD_HEADER_FILENAME  -DHAVE_SYS_TIME_H -DHAVE_UNISTD_H -DHAVE_SYS_TYPES_H -DHAVE_SYS_SOCKET_H -D_FILE_OFFSET_BITS=64 -D_LARGEFILE64_SOURCE -D_LARGEFILE_SOURCE   -o CMakeFiles/cmTC_5eca3.dir/HDFCXXTests.cpp.o -c /home/annika/COCO/lib/gatb-core/gatb-core/thirdparty/hdf5/config/cmake_ext_mod/HDFCXXTests.cpp
Linking CXX executable cmTC_5eca3
/usr/bin/cmake -E cmake_link_script CMakeFiles/cmTC_5eca3.dir/link.txt --verbose=1
/usr/bin/c++    -msse4.1 -msse2 -msse4.2 -mpopcnt -DOLD_HEADER_FILENAME  -DHAVE_SYS_TIME_H -DHAVE_UNISTD_H -DHAVE_SYS_TYPES_H -DHAVE_SYS_SOCKET_H -D_FILE_OFFSET_BITS=64 -D_LARGEFILE64_SOURCE -D_LARGEFILE_SOURCE    CMakeFiles/cmTC_5eca3.dir/HDFCXXTests.cpp.o  -o cmTC_5eca3 -rdynamic -lm -ldl 
make[1]: Verzeichnis „/home/annika/COCO/build/CMakeFiles/CMakeTmp“ wird verlassen

Performing CXX Test H5_NO_NAMESPACE failed with the following output:
Change Dir: /home/annika/COCO/build/CMakeFiles/CMakeTmp

Run Build Command:"/usr/bin/make" "cmTC_144db/fast"
/usr/bin/make -f CMakeFiles/cmTC_144db.dir/build.make CMakeFiles/cmTC_144db.dir/build
make[1]: Verzeichnis „/home/annika/COCO/build/CMakeFiles/CMakeTmp“ wird betreten
Building CXX object CMakeFiles/cmTC_144db.dir/HDFCXXTests.cpp.o
/usr/bin/c++     -msse4.1 -msse2 -msse4.2 -mpopcnt -DH5_NO_NAMESPACE  -DHAVE_SYS_TIME_H -DHAVE_UNISTD_H -DHAVE_SYS_TYPES_H -DHAVE_SYS_SOCKET_H -D_FILE_OFFSET_BITS=64 -D_LARGEFILE64_SOURCE -D_LARGEFILE_SOURCE   -o CMakeFiles/cmTC_144db.dir/HDFCXXTests.cpp.o -c /home/annika/COCO/lib/gatb-core/gatb-core/thirdparty/hdf5/config/cmake_ext_mod/HDFCXXTests.cpp
Linking CXX executable cmTC_144db
/usr/bin/cmake -E cmake_link_script CMakeFiles/cmTC_144db.dir/link.txt --verbose=1
/usr/bin/c++    -msse4.1 -msse2 -msse4.2 -mpopcnt -DH5_NO_NAMESPACE  -DHAVE_SYS_TIME_H -DHAVE_UNISTD_H -DHAVE_SYS_TYPES_H -DHAVE_SYS_SOCKET_H -D_FILE_OFFSET_BITS=64 -D_LARGEFILE64_SOURCE -D_LARGEFILE_SOURCE    CMakeFiles/cmTC_144db.dir/HDFCXXTests.cpp.o  -o cmTC_144db -rdynamic -lm -ldl 
/usr/lib/gcc/x86_64-linux-gnu/5/../../../x86_64-linux-gnu/crt1.o: In Funktion `_start':
(.text+0x20): Nicht definierter Verweis auf `main'
collect2: error: ld returned 1 exit status
CMakeFiles/cmTC_144db.dir/build.make:97: die Regel für Ziel „cmTC_144db“ scheiterte
make[1]: *** [cmTC_144db] Fehler 1
make[1]: Verzeichnis „/home/annika/COCO/build/CMakeFiles/CMakeTmp“ wird verlassen
Makefile:126: die Regel für Ziel „cmTC_144db/fast“ scheiterte
make: *** [cmTC_144db/fast] Fehler 2

Performing CXX Test H5_NO_STD failed with the following output:
Change Dir: /home/annika/COCO/build/CMakeFiles/CMakeTmp

Run Build Command:"/usr/bin/make" "cmTC_1e413/fast"
/usr/bin/make -f CMakeFiles/cmTC_1e413.dir/build.make CMakeFiles/cmTC_1e413.dir/build
make[1]: Verzeichnis „/home/annika/COCO/build/CMakeFiles/CMakeTmp“ wird betreten
Building CXX object CMakeFiles/cmTC_1e413.dir/HDFCXXTests.cpp.o
/usr/bin/c++     -msse4.1 -msse2 -msse4.2 -mpopcnt -DH5_NO_STD  -DHAVE_SYS_TIME_H -DHAVE_UNISTD_H -DHAVE_SYS_TYPES_H -DHAVE_SYS_SOCKET_H -D_FILE_OFFSET_BITS=64 -D_LARGEFILE64_SOURCE -D_LARGEFILE_SOURCE   -o CMakeFiles/cmTC_1e413.dir/HDFCXXTests.cpp.o -c /home/annika/COCO/lib/gatb-core/gatb-core/thirdparty/hdf5/config/cmake_ext_mod/HDFCXXTests.cpp
Linking CXX executable cmTC_1e413
/usr/bin/cmake -E cmake_link_script CMakeFiles/cmTC_1e413.dir/link.txt --verbose=1
/usr/bin/c++    -msse4.1 -msse2 -msse4.2 -mpopcnt -DH5_NO_STD  -DHAVE_SYS_TIME_H -DHAVE_UNISTD_H -DHAVE_SYS_TYPES_H -DHAVE_SYS_SOCKET_H -D_FILE_OFFSET_BITS=64 -D_LARGEFILE64_SOURCE -D_LARGEFILE_SOURCE    CMakeFiles/cmTC_1e413.dir/HDFCXXTests.cpp.o  -o cmTC_1e413 -rdynamic -lm -ldl 
/usr/lib/gcc/x86_64-linux-gnu/5/../../../x86_64-linux-gnu/crt1.o: In Funktion `_start':
(.text+0x20): Nicht definierter Verweis auf `main'
collect2: error: ld returned 1 exit status
CMakeFiles/cmTC_1e413.dir/build.make:97: die Regel für Ziel „cmTC_1e413“ scheiterte
make[1]: *** [cmTC_1e413] Fehler 1
make[1]: Verzeichnis „/home/annika/COCO/build/CMakeFiles/CMakeTmp“ wird verlassen
Makefile:126: die Regel für Ziel „cmTC_1e413/fast“ scheiterte
make: *** [cmTC_1e413/fast] Fehler 2

Performing CXX Test BOOL_NOTDEFINED failed with the following output:
Change Dir: /home/annika/COCO/build/CMakeFiles/CMakeTmp

Run Build Command:"/usr/bin/make" "cmTC_cc3d4/fast"
/usr/bin/make -f CMakeFiles/cmTC_cc3d4.dir/build.make CMakeFiles/cmTC_cc3d4.dir/build
make[1]: Verzeichnis „/home/annika/COCO/build/CMakeFiles/CMakeTmp“ wird betreten
Building CXX object CMakeFiles/cmTC_cc3d4.dir/HDFCXXTests.cpp.o
/usr/bin/c++     -msse4.1 -msse2 -msse4.2 -mpopcnt -DBOOL_NOTDEFINED  -DHAVE_SYS_TIME_H -DHAVE_UNISTD_H -DHAVE_SYS_TYPES_H -DHAVE_SYS_SOCKET_H -D_FILE_OFFSET_BITS=64 -D_LARGEFILE64_SOURCE -D_LARGEFILE_SOURCE   -o CMakeFiles/cmTC_cc3d4.dir/HDFCXXTests.cpp.o -c /home/annika/COCO/lib/gatb-core/gatb-core/thirdparty/hdf5/config/cmake_ext_mod/HDFCXXTests.cpp
Linking CXX executable cmTC_cc3d4
/usr/bin/cmake -E cmake_link_script CMakeFiles/cmTC_cc3d4.dir/link.txt --verbose=1
/usr/bin/c++    -msse4.1 -msse2 -msse4.2 -mpopcnt -DBOOL_NOTDEFINED  -DHAVE_SYS_TIME_H -DHAVE_UNISTD_H -DHAVE_SYS_TYPES_H -DHAVE_SYS_SOCKET_H -D_FILE_OFFSET_BITS=64 -D_LARGEFILE64_SOURCE -D_LARGEFILE_SOURCE    CMakeFiles/cmTC_cc3d4.dir/HDFCXXTests.cpp.o  -o cmTC_cc3d4 -rdynamic -lm -ldl 
make[1]: Verzeichnis „/home/annika/COCO/build/CMakeFiles/CMakeTmp“ wird verlassen

Performing CXX Test NO_STATIC_CAST failed with the following output:
Change Dir: /home/annika/COCO/build/CMakeFiles/CMakeTmp

Run Build Command:"/usr/bin/make" "cmTC_8737e/fast"
/usr/bin/make -f CMakeFiles/cmTC_8737e.dir/build.make CMakeFiles/cmTC_8737e.dir/build
make[1]: Verzeichnis „/home/annika/COCO/build/CMakeFiles/CMakeTmp“ wird betreten
Building CXX object CMakeFiles/cmTC_8737e.dir/HDFCXXTests.cpp.o
/usr/bin/c++     -msse4.1 -msse2 -msse4.2 -mpopcnt -DNO_STATIC_CAST  -DHAVE_SYS_TIME_H -DHAVE_UNISTD_H -DHAVE_SYS_TYPES_H -DHAVE_SYS_SOCKET_H -D_FILE_OFFSET_BITS=64 -D_LARGEFILE64_SOURCE -D_LARGEFILE_SOURCE   -o CMakeFiles/cmTC_8737e.dir/HDFCXXTests.cpp.o -c /home/annika/COCO/lib/gatb-core/gatb-core/thirdparty/hdf5/config/cmake_ext_mod/HDFCXXTests.cpp
Linking CXX executable cmTC_8737e
/usr/bin/cmake -E cmake_link_script CMakeFiles/cmTC_8737e.dir/link.txt --verbose=1
/usr/bin/c++    -msse4.1 -msse2 -msse4.2 -mpopcnt -DNO_STATIC_CAST  -DHAVE_SYS_TIME_H -DHAVE_UNISTD_H -DHAVE_SYS_TYPES_H -DHAVE_SYS_SOCKET_H -D_FILE_OFFSET_BITS=64 -D_LARGEFILE64_SOURCE -D_LARGEFILE_SOURCE    CMakeFiles/cmTC_8737e.dir/HDFCXXTests.cpp.o  -o cmTC_8737e -rdynamic -lm -ldl 
make[1]: Verzeichnis „/home/annika/COCO/build/CMakeFiles/CMakeTmp“ wird verlassen

Determining if the function clock_gettime exists in the posix4 failed with the following output:
Change Dir: /home/annika/COCO/build/CMakeFiles/CMakeTmp

Run Build Command:"/usr/bin/make" "cmTC_33213/fast"
/usr/bin/make -f CMakeFiles/cmTC_33213.dir/build.make CMakeFiles/cmTC_33213.dir/build
make[1]: Verzeichnis „/home/annika/COCO/build/CMakeFiles/CMakeTmp“ wird betreten
Building C object CMakeFiles/cmTC_33213.dir/CheckFunctionExists.c.o
/usr/bin/gcc  -D_FILE_OFFSET_BITS=64 -D_LARGEFILE64_SOURCE -D_LARGEFILE_SOURCE  -msse2 -msse4.2 -mpopcnt -DCHECK_FUNCTION_EXISTS=clock_gettime   -o CMakeFiles/cmTC_33213.dir/CheckFunctionExists.c.o   -c /usr/share/cmake-3.5/Modules/CheckFunctionExists.c
Linking C executable cmTC_33213
/usr/bin/cmake -E cmake_link_script CMakeFiles/cmTC_33213.dir/link.txt --verbose=1
/usr/bin/gcc   -msse2 -msse4.2 -mpopcnt -DCHECK_FUNCTION_EXISTS=clock_gettime    CMakeFiles/cmTC_33213.dir/CheckFunctionExists.c.o  -o cmTC_33213 -rdynamic -lposix4 -lm -ldl 
/usr/bin/ld: cannot find -lposix4
collect2: error: ld returned 1 exit status
CMakeFiles/cmTC_33213.dir/build.make:97: die Regel für Ziel „cmTC_33213“ scheiterte
make[1]: *** [cmTC_33213] Fehler 1
make[1]: Verzeichnis „/home/annika/COCO/build/CMakeFiles/CMakeTmp“ wird verlassen
Makefile:126: die Regel für Ziel „cmTC_33213/fast“ scheiterte
make: *** [cmTC_33213/fast] Fehler 2


Test H5_LDOUBLE_TO_LONG_SPECIAL Run failed with the following output and exit code:
 Change Dir: /home/annika/COCO/build/CMakeFiles/CMakeTmp

Run Build Command:"/usr/bin/make" "cmTC_4c8bb/fast"
/usr/bin/make -f CMakeFiles/cmTC_4c8bb.dir/build.make CMakeFiles/cmTC_4c8bb.dir/build
make[1]: Verzeichnis „/home/annika/COCO/build/CMakeFiles/CMakeTmp“ wird betreten
Building C object CMakeFiles/cmTC_4c8bb.dir/ConversionTests.c.o
/usr/bin/gcc    -msse2 -msse4.2 -mpopcnt -DH5_LDOUBLE_TO_LONG_SPECIAL_TEST   -o CMakeFiles/cmTC_4c8bb.dir/ConversionTests.c.o   -c /home/annika/COCO/lib/gatb-core/gatb-core/thirdparty/hdf5/config/cmake/ConversionTests.c
Linking C executable cmTC_4c8bb
/usr/bin/cmake -E cmake_link_script CMakeFiles/cmTC_4c8bb.dir/link.txt --verbose=1
/usr/bin/gcc   -msse2 -msse4.2 -mpopcnt -DH5_LDOUBLE_TO_LONG_SPECIAL_TEST    CMakeFiles/cmTC_4c8bb.dir/ConversionTests.c.o  -o cmTC_4c8bb -rdynamic 
make[1]: Verzeichnis „/home/annika/COCO/build/CMakeFiles/CMakeTmp“ wird verlassen

Test H5_LONG_TO_LDOUBLE_SPECIAL Run failed with the following output and exit code:
 Change Dir: /home/annika/COCO/build/CMakeFiles/CMakeTmp

Run Build Command:"/usr/bin/make" "cmTC_2a15f/fast"
/usr/bin/make -f CMakeFiles/cmTC_2a15f.dir/build.make CMakeFiles/cmTC_2a15f.dir/build
make[1]: Verzeichnis „/home/annika/COCO/build/CMakeFiles/CMakeTmp“ wird betreten
Building C object CMakeFiles/cmTC_2a15f.dir/ConversionTests.c.o
/usr/bin/gcc    -msse2 -msse4.2 -mpopcnt -DH5_LONG_TO_LDOUBLE_SPECIAL_TEST   -o CMakeFiles/cmTC_2a15f.dir/ConversionTests.c.o   -c /home/annika/COCO/lib/gatb-core/gatb-core/thirdparty/hdf5/config/cmake/ConversionTests.c
Linking C executable cmTC_2a15f
/usr/bin/cmake -E cmake_link_script CMakeFiles/cmTC_2a15f.dir/link.txt --verbose=1
/usr/bin/gcc   -msse2 -msse4.2 -mpopcnt -DH5_LONG_TO_LDOUBLE_SPECIAL_TEST    CMakeFiles/cmTC_2a15f.dir/ConversionTests.c.o  -o cmTC_2a15f -rdynamic 
make[1]: Verzeichnis „/home/annika/COCO/build/CMakeFiles/CMakeTmp“ wird verlassen

